{
  "RSpec": {
    "coverage": {
      "/Users/alexmagana/Documents/GitHub/wings/spec/controllers/bookings_controller_spec.rb": [
        1,
        null,
        1,
        1,
        1,
        1,
        4,
        1,
        1,
        null,
        1,
        1,
        null,
        1,
        1,
        null,
        null,
        1,
        3,
        3,
        1,
        2,
        null,
        1,
        1,
        null,
        1,
        1,
        null,
        null,
        1,
        8,
        1,
        1,
        1,
        3,
        5,
        1,
        1,
        null,
        1,
        1,
        1,
        null,
        1,
        1,
        null,
        1,
        1,
        null,
        null,
        1,
        4,
        3,
        1,
        3,
        3,
        null,
        1,
        1,
        null,
        1,
        1,
        null,
        1,
        1,
        null,
        null,
        null,
        1,
        3,
        3,
        3,
        1,
        1,
        null,
        1,
        1,
        null,
        null,
        1,
        4,
        1,
        3,
        null,
        null,
        1,
        2,
        null,
        1,
        1,
        1,
        null,
        1,
        1,
        1,
        null,
        null,
        1,
        5,
        5,
        1,
        4,
        null,
        1,
        4,
        4,
        null,
        1,
        1,
        null,
        1,
        1,
        null,
        1,
        1,
        null,
        1,
        1,
        null,
        null,
        1,
        4,
        4,
        1,
        3,
        null,
        1,
        1,
        1,
        null,
        1,
        1,
        1,
        null,
        1,
        1,
        1,
        null,
        null,
        1,
        4,
        4,
        4,
        1,
        3,
        3,
        null,
        null,
        null,
        1,
        1,
        1,
        null,
        1,
        1,
        null,
        1,
        1,
        null,
        null,
        1,
        4,
        1,
        3,
        3,
        null,
        1,
        1,
        null,
        1,
        1,
        null,
        1,
        1,
        null,
        null,
        1,
        3,
        1,
        1,
        null,
        1,
        1,
        null,
        null,
        1,
        1,
        4,
        4,
        1,
        3,
        3,
        null,
        2,
        2,
        1,
        1,
        1,
        null,
        1,
        1,
        null,
        1,
        1,
        null,
        null,
        1,
        4,
        4,
        1,
        3,
        null,
        2,
        2,
        1,
        1,
        null,
        1,
        1,
        null,
        1,
        1,
        null,
        null,
        null,
        1,
        1,
        0,
        null,
        1,
        2,
        null,
        null
      ],
      "/Users/alexmagana/Documents/GitHub/wings/spec/rails_helper.rb": [
        null,
        1,
        1,
        null,
        1,
        1,
        1,
        1,
        1,
        null,
        null,
        null,
        null,
        null,
        null,
        null,
        null,
        null,
        null,
        null,
        null,
        null,
        null,
        null,
        null,
        null,
        null,
        null,
        1,
        2,
        null,
        1,
        null,
        1,
        null,
        null,
        null,
        null,
        1,
        1,
        null,
        1,
        1,
        1,
        1,
        null,
        null,
        null,
        null,
        null,
        null,
        null,
        null,
        null,
        null,
        null,
        null,
        null,
        null,
        null,
        1,
        null,
        null,
        1,
        null,
        null,
        null,
        null,
        1
      ],
      "/Users/alexmagana/Documents/GitHub/wings/config/environment.rb": [
        null,
        1,
        null,
        null,
        1
      ],
      "/Users/alexmagana/Documents/GitHub/wings/config/application.rb": [
        1,
        null,
        1,
        null,
        null,
        null,
        1,
        null,
        1,
        1,
        null,
        null,
        null,
        null,
        null
      ],
      "/Users/alexmagana/Documents/GitHub/wings/config/boot.rb": [
        1,
        null,
        1
      ],
      "/Users/alexmagana/Documents/GitHub/wings/config/environments/test.rb": [
        1,
        null,
        null,
        null,
        null,
        null,
        null,
        1,
        null,
        null,
        null,
        null,
        1,
        null,
        null,
        1,
        1,
        null,
        null,
        null,
        null,
        1,
        1,
        null,
        null,
        1,
        null,
        null,
        1,
        1,
        null,
        null,
        null,
        null,
        1,
        null,
        null,
        1,
        null,
        null,
        null,
        null
      ],
      "/Users/alexmagana/Documents/GitHub/wings/config/initializers/application_controller_renderer.rb": [
        null,
        null,
        null,
        null,
        null,
        null
      ],
      "/Users/alexmagana/Documents/GitHub/wings/config/initializers/assets.rb": [
        null,
        null,
        null,
        1,
        null,
        null,
        null,
        null,
        null,
        null,
        null
      ],
      "/Users/alexmagana/Documents/GitHub/wings/config/initializers/backtrace_silencers.rb": [
        null,
        null,
        null,
        null,
        null,
        null,
        null
      ],
      "/Users/alexmagana/Documents/GitHub/wings/config/initializers/cookies_serializer.rb": [
        null,
        null,
        null,
        null,
        1
      ],
      "/Users/alexmagana/Documents/GitHub/wings/config/initializers/filter_parameter_logging.rb": [
        null,
        null,
        null,
        1
      ],
      "/Users/alexmagana/Documents/GitHub/wings/config/initializers/inflections.rb": [
        null,
        null,
        null,
        null,
        null,
        null,
        null,
        null,
        null,
        null,
        null,
        null,
        null,
        null,
        null,
        null
      ],
      "/Users/alexmagana/Documents/GitHub/wings/config/initializers/mime_types.rb": [
        null,
        null,
        null,
        null
      ],
      "/Users/alexmagana/Documents/GitHub/wings/config/initializers/new_framework_defaults.rb": [
        null,
        null,
        null,
        null,
        null,
        null,
        null,
        1,
        null,
        null,
        1,
        null,
        null,
        null,
        1,
        null,
        null,
        1,
        null,
        null,
        1,
        null,
        null,
        1
      ],
      "/Users/alexmagana/Documents/GitHub/wings/config/initializers/session_store.rb": [
        null,
        null,
        1
      ],
      "/Users/alexmagana/Documents/GitHub/wings/config/initializers/wrap_parameters.rb": [
        null,
        null,
        null,
        null,
        null,
        null,
        1,
        2,
        null,
        null,
        null,
        null,
        null,
        null
      ],
      "/Users/alexmagana/Documents/GitHub/wings/app/helpers/application_helper.rb": [
        1,
        null
      ],
      "/Users/alexmagana/Documents/GitHub/wings/app/helpers/bookings_helper.rb": [
        1,
        null
      ],
      "/Users/alexmagana/Documents/GitHub/wings/app/helpers/flights_helper.rb": [
        1,
        null
      ],
      "/Users/alexmagana/Documents/GitHub/wings/app/helpers/users_helper.rb": [
        1,
        null
      ],
      "/Users/alexmagana/Documents/GitHub/wings/spec/factories/airlines.rb": [
        1,
        1,
        1,
        1,
        1,
        1,
        1,
        1,
        1,
        1,
        null,
        null
      ],
      "/Users/alexmagana/Documents/GitHub/wings/spec/factories/airports.rb": [
        1,
        1,
        null,
        null
      ],
      "/Users/alexmagana/Documents/GitHub/wings/spec/factories/bookings.rb": [
        1,
        1,
        1,
        1,
        1,
        1,
        1,
        null,
        null
      ],
      "/Users/alexmagana/Documents/GitHub/wings/spec/factories/flights.rb": [
        1,
        1,
        1,
        1,
        1,
        1,
        1,
        1,
        1,
        1,
        1,
        1,
        1,
        1,
        1,
        1,
        1,
        1,
        null,
        null
      ],
      "/Users/alexmagana/Documents/GitHub/wings/spec/factories/passengers.rb": [
        1,
        1,
        1,
        1,
        1,
        null,
        null
      ],
      "/Users/alexmagana/Documents/GitHub/wings/spec/factories/roles.rb": [
        1,
        1,
        1,
        null,
        null
      ],
      "/Users/alexmagana/Documents/GitHub/wings/spec/factories/users.rb": [
        1,
        1,
        1,
        1,
        1,
        1,
        1,
        1,
        null,
        null
      ],
      "/Users/alexmagana/Documents/GitHub/wings/config/routes.rb": [
        1,
        null,
        1,
        1,
        1,
        1,
        null,
        1,
        null,
        1,
        1,
        1,
        1,
        1,
        1,
        1,
        1,
        1,
        null
      ],
      "/Users/alexmagana/Documents/GitHub/wings/spec/support/helpers.rb": [
        1,
        1,
        0,
        0,
        0,
        0,
        0,
        0,
        0,
        0,
        0,
        0,
        0,
        null,
        0,
        null,
        1,
        0,
        0,
        0,
        0,
        0,
        0,
        0,
        0,
        0,
        0,
        0,
        0,
        null,
        1,
        12,
        null,
        null,
        null
      ],
      "/Users/alexmagana/Documents/GitHub/wings/app/controllers/bookings_controller.rb": [
        1,
        1,
        null,
        1,
        3,
        null,
        1,
        null,
        1,
        7,
        7,
        7,
        7,
        7,
        3,
        3,
        null,
        4,
        null,
        null,
        1,
        null,
        1,
        3,
        3,
        3,
        3,
        3,
        3,
        null,
        3,
        6,
        3,
        null,
        0,
        0,
        null,
        null,
        0,
        0,
        null,
        null,
        null,
        1,
        4,
        4,
        null,
        4,
        8,
        4,
        null,
        0,
        0,
        null,
        null,
        null,
        1,
        3,
        3,
        6,
        3,
        null,
        null,
        1,
        3,
        null,
        1,
        3,
        3,
        null,
        1,
        2,
        null,
        1,
        6,
        3,
        3,
        null,
        3,
        3,
        null,
        null,
        1,
        1,
        7,
        null,
        1,
        13,
        null,
        1,
        6,
        null,
        1,
        11,
        null,
        null
      ],
      "/Users/alexmagana/Documents/GitHub/wings/app/controllers/application_controller.rb": [
        1,
        1,
        1,
        null,
        1,
        7,
        null,
        null,
        1,
        0,
        0,
        0,
        null,
        null,
        null
      ],
      "/Users/alexmagana/Documents/GitHub/wings/spec/controllers/flights_controller_spec.rb": [
        1,
        null,
        1,
        1,
        4,
        1,
        1,
        1,
        null,
        1,
        1,
        null,
        1,
        1,
        null,
        null,
        1,
        4,
        4,
        1,
        3,
        null,
        2,
        1,
        1,
        null,
        1,
        1,
        null,
        1,
        1,
        null,
        null,
        1,
        1,
        1,
        null,
        null
      ],
      "/Users/alexmagana/Documents/GitHub/wings/app/controllers/flights_controller.rb": [
        1,
        1,
        null,
        1,
        3,
        null,
        1,
        3,
        3,
        3,
        0,
        0,
        0,
        null,
        null,
        3,
        6,
        null,
        null,
        null,
        1,
        1,
        3,
        null,
        1,
        0,
        null,
        null
      ],
      "/Users/alexmagana/Documents/GitHub/wings/spec/controllers/users_controller_spec.rb": [
        1,
        null,
        1,
        1,
        4,
        1,
        1,
        1,
        null,
        1,
        1,
        null,
        1,
        1,
        null,
        null,
        1,
        3,
        1,
        2,
        null,
        1,
        1,
        null,
        1,
        1,
        null,
        null,
        1,
        1,
        1,
        3,
        null,
        1,
        1,
        null,
        1,
        1,
        null,
        1,
        1,
        null,
        null,
        1,
        3,
        3,
        1,
        1,
        null,
        1,
        1,
        null,
        null,
        1,
        1,
        3,
        null,
        null,
        null,
        null,
        null,
        1,
        2,
        null,
        1,
        1,
        1,
        null,
        1,
        1,
        1,
        null,
        null,
        1,
        null,
        null,
        1,
        null,
        null,
        1,
        1,
        1,
        1,
        null,
        null,
        1,
        4,
        1,
        3,
        null,
        null,
        1,
        1,
        null,
        1,
        1,
        null,
        1,
        1,
        null,
        null,
        1,
        1,
        1,
        1,
        null,
        null,
        1,
        null,
        null,
        1,
        1,
        0,
        null,
        null
      ],
      "/Users/alexmagana/Documents/GitHub/wings/app/controllers/users_controller.rb": [
        1,
        1,
        null,
        1,
        3,
        null,
        1,
        null,
        1,
        3,
        null,
        1,
        null,
        1,
        3,
        3,
        3,
        3,
        6,
        3,
        null,
        0,
        0,
        null,
        null,
        null,
        1,
        null,
        1,
        null,
        1,
        null,
        1,
        3,
        3,
        3,
        3,
        null,
        0,
        0,
        null,
        null,
        1,
        1,
        1,
        null,
        1,
        null,
        1,
        1,
        4,
        null,
        1,
        6,
        null,
        null
      ],
      "/Users/alexmagana/Documents/GitHub/wings/app/models/booking.rb": [
        1,
        1,
        1,
        1,
        null,
        1,
        null,
        1,
        null,
        null,
        1,
        null,
        null,
        1,
        null,
        null,
        1,
        null,
        null,
        null,
        1,
        null,
        null,
        4,
        null,
        null,
        1,
        4,
        null,
        null,
        1,
        null,
        null,
        4,
        null,
        null
      ],
      "/Users/alexmagana/Documents/GitHub/wings/app/models/application_record.rb": [
        1,
        1,
        null
      ],
      "/Users/alexmagana/Documents/GitHub/wings/app/models/user.rb": [
        1,
        1,
        null,
        1,
        1,
        null,
        1,
        null,
        null,
        null,
        null,
        null,
        1,
        null,
        null,
        null,
        null,
        null,
        1,
        null,
        null,
        null,
        null,
        null,
        1,
        null,
        null,
        null,
        null,
        1,
        null,
        null,
        null,
        1,
        3,
        null,
        null
      ],
      "/Users/alexmagana/Documents/GitHub/wings/app/models/role.rb": [
        1,
        1,
        null,
        1,
        null,
        null
      ],
      "/Users/alexmagana/Documents/GitHub/wings/app/models/flight.rb": [
        1,
        1,
        1,
        null,
        1,
        null,
        null,
        null,
        null,
        4,
        null,
        null
      ],
      "/Users/alexmagana/Documents/GitHub/wings/app/models/passenger.rb": [
        1,
        1,
        null,
        1,
        null,
        1,
        null,
        null,
        null,
        null,
        1,
        null,
        null
      ],
      "/Users/alexmagana/Documents/GitHub/wings/app/mailers/app_mailer.rb": [
        1,
        1,
        7,
        7,
        7,
        null,
        null
      ],
      "/Users/alexmagana/Documents/GitHub/wings/app/mailers/application_mailer.rb": [
        1,
        1,
        1,
        null
      ],
      "/Users/alexmagana/Documents/GitHub/wings/app/models/airport.rb": [
        1,
        5,
        null
      ],
      "/Users/alexmagana/Documents/GitHub/wings/app/models/airline.rb": [
        1,
        null
      ]
    },
    "timestamp": 1476889688
  }
}
